{
  "RSpec": {
    "coverage": {
      "/Users/jcgalbano/Desktop/monito-generator/monito-generator-api/app/helpers/application_helper.rb": [
        1,
        null
      ],
      "/Users/jcgalbano/Desktop/monito-generator/monito-generator-api/app/helpers/circles_helper.rb": [
        1,
        null
      ],
      "/Users/jcgalbano/Desktop/monito-generator/monito-generator-api/app/helpers/users_helper.rb": [
        1,
        null
      ],
      "/Users/jcgalbano/Desktop/monito-generator/monito-generator-api/app/models/auth_token.rb": [
        1,
        1,
        null
      ],
      "/Users/jcgalbano/Desktop/monito-generator/monito-generator-api/app/models/application_record.rb": [
        1,
        1,
        null
      ],
      "/Users/jcgalbano/Desktop/monito-generator/monito-generator-api/app/models/concerns/authentication.rb": [
        1,
        1,
        0,
        0,
        null,
        0,
        0,
        0,
        null,
        null,
        0,
        null,
        null,
        1,
        0,
        null,
        null
      ],
      "/Users/jcgalbano/Desktop/monito-generator/monito-generator-api/app/models/circle.rb": [
        1,
        1,
        1,
        1,
        null
      ],
      "/Users/jcgalbano/Desktop/monito-generator/monito-generator-api/app/models/user_circle.rb": [
        1,
        1,
        1,
        null
      ],
      "/Users/jcgalbano/Desktop/monito-generator/monito-generator-api/app/models/user_event.rb": [
        1,
        1,
        1,
        null
      ],
      "/Users/jcgalbano/Desktop/monito-generator/monito-generator-api/app/models/user.rb": [
        1,
        1,
        1,
        1,
        null,
        1,
        1,
        1,
        null,
        1,
        1,
        1,
        null
      ],
      "/Users/jcgalbano/Desktop/monito-generator/monito-generator-api/app/controllers/api/v1/sessions_controller.rb": [
        1,
        1,
        3,
        3,
        2,
        2,
        null,
        1,
        null,
        null,
        1,
        null,
        null,
        0,
        null,
        null,
        null,
        null,
        null,
        null,
        null,
        null
      ],
      "/Users/jcgalbano/Desktop/monito-generator/monito-generator-api/app/controllers/api_controller.rb": [
        1,
        null
      ],
      "/Users/jcgalbano/Desktop/monito-generator/monito-generator-api/app/services/sessions/authenticator.rb": [
        1,
        1,
        1,
        1,
        null,
        1,
        3,
        3,
        null,
        3,
        3,
        3,
        3,
        null,
        3,
        null,
        null,
        1,
        2,
        2,
        2,
        2,
        null,
        null,
        null
      ],
      "/Users/jcgalbano/Desktop/monito-generator/monito-generator-api/app/services/auth_tokens/builder.rb": [
        1,
        1,
        1,
        3,
        null,
        1,
        3,
        null,
        null,
        3,
        3,
        null,
        null,
        null
      ],
      "/Users/jcgalbano/Desktop/monito-generator/monito-generator-api/app/controllers/api/v1/circles_controller.rb": [
        1,
        null,
        1,
        1,
        1,
        1,
        null,
        1,
        null,
        7,
        7,
        null,
        6,
        6,
        6,
        6,
        6,
        6,
        6,
        null,
        null,
        6,
        null,
        1,
        null,
        null,
        null,
        1,
        1,
        null,
        1,
        1,
        null,
        1,
        1,
        1,
        null,
        1,
        null,
        null,
        null,
        null,
        1,
        0,
        0,
        null,
        0,
        null,
        0,
        0,
        null,
        1,
        null,
        1,
        2,
        2,
        2,
        null,
        null,
        null,
        null,
        2,
        null,
        2,
        null,
        2,
        2,
        null,
        2,
        2,
        1,
        1,
        1,
        1,
        null,
        0,
        null,
        null,
        1,
        null,
        null,
        2,
        null,
        null,
        1,
        0,
        0,
        0,
        null,
        null,
        null,
        null,
        0,
        0,
        0,
        0,
        0,
        0,
        0,
        0,
        null,
        0,
        null,
        null
      ],
      "/Users/jcgalbano/Desktop/monito-generator/monito-generator-api/app/services/circles/builder.rb": [
        1,
        1,
        1,
        6,
        null,
        null,
        null,
        null,
        6,
        6,
        null,
        1,
        7,
        7,
        7,
        6,
        null,
        null,
        6,
        null,
        null,
        null,
        1,
        null,
        null,
        null
      ],
      "/Users/jcgalbano/Desktop/monito-generator/monito-generator-api/app/services/circles/connection_adder.rb": [
        1,
        1,
        1,
        6,
        6,
        null,
        6,
        null,
        null,
        null
      ],
      "/Users/jcgalbano/Desktop/monito-generator/monito-generator-api/app/services/user_circles/entry_builder.rb": [
        1,
        1,
        1,
        6,
        6,
        6,
        6,
        6,
        6,
        null,
        6,
        null,
        null,
        null,
        null
      ],
      "/Users/jcgalbano/Desktop/monito-generator/monito-generator-api/app/services/user_events/event_handler.rb": [
        1,
        1,
        1,
        12,
        12,
        12,
        12,
        null,
        12,
        12,
        12,
        null,
        1,
        0,
        0,
        0,
        null,
        null,
        null
      ],
      "/Users/jcgalbano/Desktop/monito-generator/monito-generator-api/app/services/users/exist_checker.rb": [
        1,
        1,
        1,
        2,
        null,
        1,
        1,
        1,
        1,
        1,
        1,
        null,
        0,
        null,
        null,
        0,
        null,
        null,
        null,
        null
      ],
      "/Users/jcgalbano/Desktop/monito-generator/monito-generator-api/app/workers/users_mailer_worker.rb": [
        1,
        1,
        1,
        null,
        1,
        0,
        null,
        null
      ],
      "/Users/jcgalbano/Desktop/monito-generator/monito-generator-api/app/controllers/api/v1/users_controller.rb": [
        1,
        null,
        1,
        1,
        1,
        null,
        4,
        0,
        null,
        null,
        4,
        null,
        null,
        4,
        1,
        1,
        0,
        0,
        0,
        0,
        null,
        null,
        null,
        1,
        null,
        3,
        null,
        null,
        null
      ],
      "/Users/jcgalbano/Desktop/monito-generator/monito-generator-api/app/services/users/error_checker.rb": [
        1,
        1,
        1,
        4,
        null,
        4,
        4,
        4,
        null,
        4,
        4,
        4,
        null,
        4,
        null,
        null,
        null
      ],
      "/Users/jcgalbano/Desktop/monito-generator/monito-generator-api/app/services/users/builder.rb": [
        1,
        1,
        1,
        1,
        null,
        1,
        null,
        1,
        1,
        1,
        1,
        null,
        null,
        null,
        1,
        null,
        0,
        null,
        null,
        1,
        null,
        1,
        null,
        1,
        1,
        1,
        null,
        null,
        null
      ],
      "/Users/jcgalbano/Desktop/monito-generator/monito-generator-api/app/mailers/application_mailer.rb": [
        0,
        0,
        0,
        0
      ],
      "/Users/jcgalbano/Desktop/monito-generator/monito-generator-api/app/mailers/users_mailer.rb": [
        0,
        0,
        0,
        0,
        0,
        0,
        0,
        0,
        0,
        0,
        0,
        0,
        0,
        0,
        0,
        null,
        0,
        0,
        0
      ],
      "/Users/jcgalbano/Desktop/monito-generator/monito-generator-api/app/workers/notify_mailer_worker.rb": [
        0,
        0,
        0,
        null,
        0,
        0,
        0,
        0
      ],
      "/Users/jcgalbano/Desktop/monito-generator/monito-generator-api/app/jobs/application_job.rb": [
        0,
        0
      ],
      "/Users/jcgalbano/Desktop/monito-generator/monito-generator-api/app/controllers/application_controller.rb": [
        0,
        0
      ],
      "/Users/jcgalbano/Desktop/monito-generator/monito-generator-api/app/controllers/api/v1/user_events_controller.rb": [
        0,
        null,
        0,
        0,
        null,
        0,
        0,
        null,
        0,
        0,
        0
      ],
      "/Users/jcgalbano/Desktop/monito-generator/monito-generator-api/app/services/circles/draw_randomizer.rb": [
        0,
        0,
        0,
        0,
        0,
        null,
        null,
        0,
        0,
        0,
        null,
        0,
        0,
        null,
        0,
        0,
        0,
        null,
        0,
        0,
        0,
        0,
        0,
        0,
        0,
        0,
        0,
        0,
        0,
        0,
        0,
        0,
        0,
        0,
        0,
        0,
        0,
        0,
        0,
        0,
        0,
        0,
        0,
        0,
        0,
        0,
        0,
        0,
        0,
        0
      ],
      "/Users/jcgalbano/Desktop/monito-generator/monito-generator-api/app/services/users/email_pairer.rb": [
        0,
        0,
        0,
        0,
        0,
        0,
        0,
        0,
        0,
        0,
        0,
        0
      ],
      "/Users/jcgalbano/Desktop/monito-generator/monito-generator-api/app/channels/application_cable/connection.rb": [
        0,
        0,
        0,
        0
      ],
      "/Users/jcgalbano/Desktop/monito-generator/monito-generator-api/app/channels/application_cable/channel.rb": [
        0,
        0,
        0,
        0
      ]
    },
    "timestamp": 1540472203
  }
}
